[2022-04-16T07:20:45+00:00][notice] Login By :-kartik
[2022-04-16T07:21:16+00:00][notice] Login By :-kartik
[2022-04-16T07:31:55+00:00][error] Login Attempt by :-kartiksaini@cedcommerce.com
[2022-04-16T07:32:23+00:00][error] Login Attempt by :-
[2022-04-16T07:32:26+00:00][error] Login Attempt by :-
[2022-04-16T07:33:28+00:00][error] Login Attempt by :-
[2022-04-16T07:33:57+00:00][notice] Login By :-harsh
[2022-04-16T07:38:19+00:00][error] Login Attempt by :-kartik@mail.com
[2022-04-16T07:38:39+00:00][notice] Login By :-kartik
[2022-04-16T08:07:27+00:00][notice] Login By :-harsh
[2022-04-16T08:09:30+00:00][notice] Login By :-kartik
[2022-04-16T08:10:05+00:00][notice] Login By :-kartik
[2022-04-18T03:57:53+00:00][notice] Login By :-kartik
[2022-04-18T04:02:01+00:00][notice] Login By :-harsh
[2022-04-18T04:04:33+00:00][notice] Login By :-kartik
[2022-04-18T04:53:49+00:00][notice] Login By :-harsh
[2022-04-18T05:00:33+00:00][notice] Login By :-kartik
[2022-04-18T05:59:41+00:00][notice] Login By :-kartik
[2022-04-18T06:06:50+00:00][notice] Login By :-harsh
[2022-04-18T06:07:10+00:00][notice] Login By :-harsh
[2022-04-18T06:22:38+00:00][notice] Login By :-kartik
[2022-04-18T06:25:06+00:00][notice] Login By :-kartik
[2022-04-18T06:58:32+00:00][error] Login Attempt by :-harsh@mail.com
[2022-04-18T06:58:40+00:00][notice] Login By :-harsh
[2022-04-18T07:00:08+00:00][notice] Login By :-kartik
[2022-04-18T07:08:50+00:00][notice] Login By :-harsh
[2022-04-18T07:34:46+00:00][notice] Login By :-kartik
[2022-04-18T07:37:01+00:00][notice] Login By :-harsh
[2022-04-18T08:01:49+00:00][notice] Login By :-ravi
[2022-04-18T08:05:32+00:00][notice] Login By :-ravi
[2022-04-18T09:00:39+00:00][notice] Login By :-harsh
[2022-04-18T09:21:20+00:00][notice] Login By :-harsh
[2022-04-18T10:53:32+00:00][notice] Login By :-kartik
[2022-04-18T10:58:36+00:00][notice] Login By :-kartik
[2022-04-18T11:01:39+00:00][notice] Login By :-kartik
[2022-04-18T11:02:13+00:00][notice] Login By :-harsh
[2022-04-18T11:02:25+00:00][notice] Login By :-ravi
[2022-04-18T11:03:05+00:00][notice] Login By :-kartik
[2022-04-18T11:04:07+00:00][notice] Login By :-ravi
[2022-04-18T11:11:22+00:00][notice] Login By :-kartik
[2022-04-18T11:20:17+00:00][notice] Login By :-ravi
[2022-04-18T11:38:10+00:00][notice] Login By :-ravi
[2022-04-18T12:34:10+00:00][notice] Login By :-kartik
[2022-04-18T12:43:46+00:00][notice] Login By :-kartik
[2022-04-18T12:56:06+00:00][notice] Login By :-kartik
[2022-04-18T12:57:01+00:00][notice] Login By :-ravi
[2022-04-18T13:05:26+00:00][notice] Login By :-kartik
[2022-04-18T13:05:42+00:00][notice] Login By :-harsh
[2022-04-18T13:14:30+00:00][notice] Login By :-kartik
[2022-04-19T03:56:24+00:00][error] Login Attempt by :-harsh@mail.com
[2022-04-19T03:56:31+00:00][notice] Login By :-harsh
[2022-04-19T04:15:39+00:00][notice] Login By :-kartik
[2022-04-19T04:37:04+00:00][notice] Login By :-kartik
[2022-04-19T05:09:53+00:00][notice] Login By :-kartik
[2022-04-19T05:25:33+00:00][notice] Login By :-ravi
[2022-04-19T05:26:27+00:00][notice] Login By :-ravi
